<?xml version="1.0" encoding="UTF-8"?>
<!-- Generated by org.testng.reporters.JUnitXMLReporter -->
<testsuite hostname="LAPTOP-30JJCLOG" name="Test" tests="4" failures="0" timestamp="24 Sep 2019 18:20:29 GMT" time="0.04" errors="0">
  <testcase name="AppiumAutomation" time="0.009" classname="Maventestproject.AppiumTest"/>
  <testcase name="AppiumLoginAccount" time="0.0" classname="Maventestproject.AppiumTest"/>
  <testcase name="BrowserAutomation" time="0.0" classname="Maventestproject.SeleniumTest"/>
  <testcase name="LoginAccount" time="0.0" classname="Maventestproject.SeleniumTest"/>
</testsuite> <!-- Test -->
