<?xml version="1.0" encoding="UTF-8"?>
<testng-results skipped="0" failed="0" total="2" passed="2">
  <reporter-output>
  </reporter-output>
  <suite name="Surefire suite" duration-ms="31" started-at="2019-09-24T18:23:31Z" finished-at="2019-09-24T18:23:31Z">
    <groups>
    </groups>
    <test name="Surefire test" duration-ms="31" started-at="2019-09-24T18:23:31Z" finished-at="2019-09-24T18:23:31Z">
      <class name="Maventestproject.AppiumTest">
        <test-method status="PASS" signature="AppiumAutomation()[pri:0, instance:Maventestproject.AppiumTest@cc285f4]" name="AppiumAutomation" duration-ms="12" started-at="2019-09-24T13:23:31Z" finished-at="2019-09-24T13:23:31Z">
          <reporter-output>
          </reporter-output>
        </test-method> <!-- AppiumAutomation -->
        <test-method status="PASS" signature="AppiumLoginAccount()[pri:0, instance:Maventestproject.AppiumTest@cc285f4]" name="AppiumLoginAccount" duration-ms="0" started-at="2019-09-24T13:23:31Z" finished-at="2019-09-24T13:23:31Z">
          <reporter-output>
          </reporter-output>
        </test-method> <!-- AppiumLoginAccount -->
      </class> <!-- Maventestproject.AppiumTest -->
    </test> <!-- Surefire test -->
  </suite> <!-- Surefire suite -->
</testng-results>
